<?xml version="1.0" encoding="UTF-8"?>
<!-- Generated by org.testng.reporters.JUnitReportReporter -->
<testsuite hostname="TYSS-MF-WACOM1" name="scripts.TestScripts" tests="1" failures="0" timestamp="5 Jan 2018 01:42:25 GMT" time="27.837" errors="0">
  <testcase name="testCreateEmployee" time="27.837" classname="scripts.TestScripts"/>
</testsuite> <!-- scripts.TestScripts -->
