<?xml version="1.0" encoding="UTF-8"?>
<!-- Generated by org.testng.reporters.JUnitReportReporter -->
<testsuite hostname="TYSS-MF-WACOM1" name="scripts.TestScripts" tests="1" failures="0" timestamp="5 Jan 2018 01:44:18 GMT" time="43.126" errors="0">
  <testcase name="testCreateEmployee" time="43.126" classname="scripts.TestScripts"/>
</testsuite> <!-- scripts.TestScripts -->
